  ColorRGB.cpp
  Engine.cpp
  Scene.cpp
  Camera.cpp
  Texture.cpp
  main.cpp
  MyScene.cpp
  Quad.cpp
e:\git\g53gra\gra_assignment2\gra_assignment2\quad.cpp(57): warning C4244: 'argument': conversion from 'double' to 'GLfloat', possible loss of data
e:\git\g53gra\gra_assignment2\gra_assignment2\quad.cpp(61): warning C4244: 'argument': conversion from 'double' to 'GLfloat', possible loss of data
e:\git\g53gra\gra_assignment2\gra_assignment2\quad.cpp(65): warning C4244: 'argument': conversion from 'double' to 'GLfloat', possible loss of data
e:\git\g53gra\gra_assignment2\gra_assignment2\quad.cpp(69): warning C4244: 'argument': conversion from 'double' to 'GLfloat', possible loss of data
  RobotObject.cpp
e:\git\g53gra\gra_assignment2\gra_assignment2\robotobject.cpp(84): warning C4244: 'argument': conversion from 'double' to 'float', possible loss of data
e:\git\g53gra\gra_assignment2\gra_assignment2\robotobject.cpp(90): warning C4244: 'argument': conversion from 'double' to 'float', possible loss of data
e:\git\g53gra\gra_assignment2\gra_assignment2\robotobject.cpp(98): warning C4305: 'argument': truncation from 'double' to 'GLfloat'
e:\git\g53gra\gra_assignment2\gra_assignment2\robotobject.cpp(103): warning C4305: 'argument': truncation from 'double' to 'GLfloat'
e:\git\g53gra\gra_assignment2\gra_assignment2\robotobject.cpp(109): warning C4305: 'argument': truncation from 'double' to 'GLfloat'
e:\git\g53gra\gra_assignment2\gra_assignment2\robotobject.cpp(294): warning C4244: 'argument': conversion from 'double' to 'GLfloat', possible loss of data
e:\git\g53gra\gra_assignment2\gra_assignment2\robotobject.cpp(329): warning C4244: 'argument': conversion from 'double' to 'GLfloat', possible loss of data
e:\git\g53gra\gra_assignment2\gra_assignment2\robotobject.cpp(338): warning C4244: 'argument': conversion from 'double' to 'float', possible loss of data
e:\git\g53gra\gra_assignment2\gra_assignment2\robotobject.cpp(422): warning C4305: 'initializing': truncation from 'double' to 'float'
e:\git\g53gra\gra_assignment2\gra_assignment2\robotobject.cpp(424): warning C4305: 'initializing': truncation from 'double' to 'float'
e:\git\g53gra\gra_assignment2\gra_assignment2\robotobject.cpp(446): warning C4244: 'argument': conversion from 'double' to 'GLfloat', possible loss of data
e:\git\g53gra\gra_assignment2\gra_assignment2\robotobject.cpp(454): warning C4244: 'argument': conversion from 'double' to 'GLfloat', possible loss of data
  SquareObject.cpp
  Triangle.cpp
  Vertex.cpp
  WallObject.cpp
e:\git\g53gra\gra_assignment2\gra_assignment2\wallobject.cpp(66): warning C4305: 'argument': truncation from 'double' to 'GLfloat'
e:\git\g53gra\gra_assignment2\gra_assignment2\wallobject.cpp(71): warning C4244: 'argument': conversion from 'double' to 'GLfloat', possible loss of data
e:\git\g53gra\gra_assignment2\gra_assignment2\wallobject.cpp(73): warning C4305: 'argument': truncation from 'double' to 'GLfloat'
  WorldObject.cpp
  Generating Code...
  gra_assignment2.vcxproj -> E:\Git\G53GRA\gra_assignment2\Debug\gra_assignment2.exe
